<?xml version="1.0" encoding="UTF-8"?>
<!-- Generated by org.testng.reporters.JUnitReportReporter -->
<testsuite hostname="LAPTOP-QUOMNJ5A" failures="0" tests="1" name="com.WynkMusic.Runner.TestRunner" time="53.355" errors="0" timestamp="2025-08-21T21:55:15 IST" skipped="0">
  <testcase classname="com.WynkMusic.Runner.TestRunner" name="runScenario" time="53.355"/>
</testsuite> <!-- com.WynkMusic.Runner.TestRunner -->
