<?xml version="1.0" encoding="UTF-8"?>
<!-- Generated by org.testng.reporters.JUnitReportReporter -->
<testsuite hostname="LAPTOP-QUOMNJ5A" failures="0" tests="1" name="com.WynkMusic.Runner.TestRunner" time="7.584" errors="0" timestamp="2025-08-22T10:03:50 IST" skipped="0">
  <testcase classname="com.WynkMusic.Runner.TestRunner" name="runScenario" time="7.584"/>
</testsuite> <!-- com.WynkMusic.Runner.TestRunner -->
